================================================================================
PRODUCTION E2E TEST REPORT
================================================================================
Timestamp: 2025-08-18T00:33:12.079618
Test Directory: /tmp/usenet_prod_test_s7nsya7i

BACKEND TESTS:
------------------------------------------------------------
✗ FAILED - CORE_MODULES
    CLI: PASSED
    IntegratedBackend: PASSED
    BandwidthController: PASSED
    SecuritySystem: PASSED
    VersionControl: PASSED
    ServerRotation: PASSED
    RetryManager: PASSED
    LogManager: PASSED
    DataManager: PASSED
    UploadSystem: PASSED
    DownloadSystem: PASSED
    PublishingSystem: FAILED: No module named 'publishing.publishing_system'
✗ FAILED - DATABASE
✗ FAILED - SECURITY
✓ PASSED - BANDWIDTH
    upload_512KB/s: {'target_rate': 524288, 'actual_rate': '19065.02 MB/s', 'time': '0.000s'}
    upload_1MB/s: {'target_rate': 1048576, 'actual_rate': '77672.30 MB/s', 'time': '0.000s'}
    upload_5MB/s: {'target_rate': 5242880, 'actual_rate': '187245.71 MB/s', 'time': '0.000s'}
    statistics: {'upload': {'current_speed': 0, 'limit': 5242880, 'enabled': True, 'bytes_sent': 3407872, 'start_time': 1755477192.2813704}, 'download': {'current_speed': 0, 'limit': 10485760, 'enabled': True, 'bytes_received': 0, 'start_time': 1755477192.2813704}}
✓ PASSED - FILE_OPERATIONS
    test_file_0.dat: {'size': 102400, 'hash': '8ae662f027592bc2...'}
    test_file_1.dat: {'size': 204800, 'hash': 'b35825b49d4289e4...'}
    test_file_2.dat: {'size': 307200, 'hash': 'e2b7f953e5cc2dcd...'}
    test_file_3.dat: {'size': 409600, 'hash': 'd35585fab015a159...'}
    test_file_4.dat: {'size': 512000, 'hash': 'e47963dfb22e8f32...'}
    directory_ops: {'created_files': 3, 'status': 'PASSED'}

USENET OPERATIONS:
------------------------------------------------------------
✓ PASSED - NNTP_CLIENT
    news.newshosting.com: Failed: module 'queue' has no attribute 'Queue'
    news.usenetserver.com: Failed: module 'queue' has no attribute 'Queue'
    connection_pooling: PASSED
✓ PASSED - UPLOAD
    upload_test_1024.dat_chunks: 1
    upload_test_1024.dat_encode: PASSED
    upload_test_10240.dat_chunks: 1
    upload_test_10240.dat_encode: PASSED
    upload_test_102400.dat_chunks: 1
    upload_test_102400.dat_encode: PASSED
✗ FAILED - DOWNLOAD
    decode_1024: FAILED
    decode_10240: FAILED
    decode_102400: FAILED
    hash_verification: PASSED

FRONTEND TESTS:
------------------------------------------------------------
✓ PASSED - REACT
    package_name: usenet-sync-app
    version: 0.1.0
    tests: PASSED
    build: PASSED
✗ FAILED - TAURI
    cargo_toml: EXISTS
    compilation: FAILED

INTEGRATION TESTS:
------------------------------------------------------------
✗ FAILED - CLI
    help: FAILED
✗ FAILED - WORKFLOW

================================================================================
SUMMARY:
------------------------------------------------------------
Total Tests: 12
Passed: 5
Failed: 7
Overall Pass Rate: 41.7%

Backend Pass Rate: 40.0%
Usenet Pass Rate: 66.7%
Frontend Pass Rate: 50.0%
Integration Pass Rate: 0.0%

STATUS: NEEDS_FIXES

ERRORS ENCOUNTERED:
------------------------------------------------------------
• PublishingSystem: No module named 'publishing.publishing_system'
• Failed to install PostgreSQL
• Failed to install PostgreSQL
• Decode mismatch for 1024 bytes
• Decode mismatch for 10240 bytes
• Decode mismatch for 102400 bytes
• Rust compilation failed
• Failed to install PostgreSQL

================================================================================
⚠️ SYSTEM NEEDS ATTENTION
Review errors above for required fixes.
================================================================================